<?xml version="1.0" encoding="UTF-8"?>
<!-- Generated by org.testng.reporters.JUnitReportReporter -->
<testsuite skipped="0" hostname="DESKTOP-421PR1V" name="com.seleniumAutomation.automate.FirstTest" tests="1" failures="0" timestamp="2020-10-03T08:01:02 IST" time="0.015" errors="0">
  <testcase name="practiceFirstTest" time="0.015" classname="com.seleniumAutomation.automate.FirstTest"/>
  <system-out/>
</testsuite> <!-- com.seleniumAutomation.automate.FirstTest -->
