<?xml version="1.0" encoding="UTF-8"?>
<!-- Generated by org.testng.reporters.JUnitReportReporter -->
<testsuite skipped="0" hostname="DESKTOP-421PR1V" name="com.seleniumAutomation.automate.PriorityOfTestCases" tests="3" failures="0" timestamp="2020-10-04T19:00:55 IST" time="0.018" errors="0">
  <testcase name="kMethod" time="0.006" classname="com.seleniumAutomation.automate.PriorityOfTestCases"/>
  <system-out/>
  <testcase name="aMethod" time="0.008" classname="com.seleniumAutomation.automate.PriorityOfTestCases"/>
  <system-out/>
  <testcase name="testsPriority" time="0.004" classname="com.seleniumAutomation.automate.PriorityOfTestCases"/>
  <system-out/>
</testsuite> <!-- com.seleniumAutomation.automate.PriorityOfTestCases -->
